CRITICAL - 2022-11-21 17:10:57 --> Undefined variable $router
in APPPATH/Config/Routes.php on line 45.
 1 APPPATH/Config/Routes.php(45): CodeIgniter\Debug\Exceptions->errorHandler(2, 'Undefined variable $router', 'APPPATH/Config/Routes.php', 45)
 2 SYSTEMPATH/CodeIgniter.php(789): require('APPPATH/Config/Routes.php')
 3 SYSTEMPATH/CodeIgniter.php(430): CodeIgniter\CodeIgniter->tryToRouteIt(Object(CodeIgniter\Router\RouteCollection))
 4 SYSTEMPATH/CodeIgniter.php(351): CodeIgniter\CodeIgniter->handleRequest(null, Object(Config\Cache), false)
 5 FCPATH/index.php(67): CodeIgniter\CodeIgniter->run()
CRITICAL - 2022-11-21 17:12:06 --> Undefined variable $router
in APPPATH/Config/Routes.php on line 45.
 1 APPPATH/Config/Routes.php(45): CodeIgniter\Debug\Exceptions->errorHandler(2, 'Undefined variable $router', 'APPPATH/Config/Routes.php', 45)
 2 SYSTEMPATH/CodeIgniter.php(789): require('APPPATH/Config/Routes.php')
 3 SYSTEMPATH/CodeIgniter.php(430): CodeIgniter\CodeIgniter->tryToRouteIt(Object(CodeIgniter\Router\RouteCollection))
 4 SYSTEMPATH/CodeIgniter.php(351): CodeIgniter\CodeIgniter->handleRequest(null, Object(Config\Cache), false)
 5 FCPATH/index.php(67): CodeIgniter\CodeIgniter->run()
CRITICAL - 2022-11-21 17:12:19 --> Undefined variable $router
in APPPATH/Config/Routes.php on line 45.
 1 APPPATH/Config/Routes.php(45): CodeIgniter\Debug\Exceptions->errorHandler(2, 'Undefined variable $router', 'APPPATH/Config/Routes.php', 45)
 2 SYSTEMPATH/CodeIgniter.php(789): require('APPPATH/Config/Routes.php')
 3 SYSTEMPATH/CodeIgniter.php(430): CodeIgniter\CodeIgniter->tryToRouteIt(Object(CodeIgniter\Router\RouteCollection))
 4 SYSTEMPATH/CodeIgniter.php(351): CodeIgniter\CodeIgniter->handleRequest(null, Object(Config\Cache), false)
 5 FCPATH/index.php(67): CodeIgniter\CodeIgniter->run()
CRITICAL - 2022-11-21 17:12:24 --> Undefined variable $router
in APPPATH/Config/Routes.php on line 45.
 1 APPPATH/Config/Routes.php(45): CodeIgniter\Debug\Exceptions->errorHandler(2, 'Undefined variable $router', 'APPPATH/Config/Routes.php', 45)
 2 SYSTEMPATH/CodeIgniter.php(789): require('APPPATH/Config/Routes.php')
 3 SYSTEMPATH/CodeIgniter.php(430): CodeIgniter\CodeIgniter->tryToRouteIt(Object(CodeIgniter\Router\RouteCollection))
 4 SYSTEMPATH/CodeIgniter.php(351): CodeIgniter\CodeIgniter->handleRequest(null, Object(Config\Cache), false)
 5 FCPATH/index.php(67): CodeIgniter\CodeIgniter->run()
CRITICAL - 2022-11-21 17:12:52 --> Undefined variable $router
in APPPATH/Config/Routes.php on line 45.
 1 APPPATH/Config/Routes.php(45): CodeIgniter\Debug\Exceptions->errorHandler(2, 'Undefined variable $router', 'APPPATH/Config/Routes.php', 45)
 2 SYSTEMPATH/CodeIgniter.php(789): require('APPPATH/Config/Routes.php')
 3 SYSTEMPATH/CodeIgniter.php(430): CodeIgniter\CodeIgniter->tryToRouteIt(Object(CodeIgniter\Router\RouteCollection))
 4 SYSTEMPATH/CodeIgniter.php(351): CodeIgniter\CodeIgniter->handleRequest(null, Object(Config\Cache), false)
 5 FCPATH/index.php(67): CodeIgniter\CodeIgniter->run()
CRITICAL - 2022-11-21 17:13:34 --> Undefined variable $router
in APPPATH/Config/Routes.php on line 45.
 1 APPPATH/Config/Routes.php(45): CodeIgniter\Debug\Exceptions->errorHandler(2, 'Undefined variable $router', 'APPPATH/Config/Routes.php', 45)
 2 SYSTEMPATH/CodeIgniter.php(789): require('APPPATH/Config/Routes.php')
 3 SYSTEMPATH/CodeIgniter.php(430): CodeIgniter\CodeIgniter->tryToRouteIt(Object(CodeIgniter\Router\RouteCollection))
 4 SYSTEMPATH/CodeIgniter.php(351): CodeIgniter\CodeIgniter->handleRequest(null, Object(Config\Cache), false)
 5 FCPATH/index.php(67): CodeIgniter\CodeIgniter->run()
CRITICAL - 2022-11-21 17:15:43 --> Invalid file: admin/main/login.php
in SYSTEMPATH/Exceptions/FrameworkException.php on line 33.
 1 SYSTEMPATH/View/View.php(201): CodeIgniter\Exceptions\FrameworkException::forInvalidFile('admin/main/login.php')
 2 SYSTEMPATH/Common.php(1134): CodeIgniter\View\View->render('admin/main/login', [], true)
 3 APPPATH/Controllers/Admin/Admin.php(22): view('admin/main/login')
 4 SYSTEMPATH/CodeIgniter.php(927): App\Controllers\Admin\Admin->login()
 5 SYSTEMPATH/CodeIgniter.php(482): CodeIgniter\CodeIgniter->runController(Object(App\Controllers\Admin\Admin))
 6 SYSTEMPATH/CodeIgniter.php(351): CodeIgniter\CodeIgniter->handleRequest(null, Object(Config\Cache), false)
 7 FCPATH/index.php(67): CodeIgniter\CodeIgniter->run()
CRITICAL - 2022-11-21 17:17:14 --> Invalid file: admin/main/login.php
in SYSTEMPATH/Exceptions/FrameworkException.php on line 33.
 1 SYSTEMPATH/View/View.php(201): CodeIgniter\Exceptions\FrameworkException::forInvalidFile('admin/main/login.php')
 2 SYSTEMPATH/Common.php(1134): CodeIgniter\View\View->render('admin/main/login', [], true)
 3 APPPATH/Controllers/Admin/Admin.php(22): view('admin/main/login')
 4 SYSTEMPATH/CodeIgniter.php(927): App\Controllers\Admin\Admin->login()
 5 SYSTEMPATH/CodeIgniter.php(482): CodeIgniter\CodeIgniter->runController(Object(App\Controllers\Admin\Admin))
 6 SYSTEMPATH/CodeIgniter.php(351): CodeIgniter\CodeIgniter->handleRequest(null, Object(Config\Cache), false)
 7 FCPATH/index.php(67): CodeIgniter\CodeIgniter->run()
CRITICAL - 2022-11-21 17:17:55 --> Invalid file: admin/main/login.php
in SYSTEMPATH/Exceptions/FrameworkException.php on line 33.
 1 SYSTEMPATH/View/View.php(201): CodeIgniter\Exceptions\FrameworkException::forInvalidFile('admin/main/login.php')
 2 SYSTEMPATH/Common.php(1134): CodeIgniter\View\View->render('admin/main/login', [], true)
 3 APPPATH/Controllers/Admin/Admin.php(22): view('admin/main/login')
 4 SYSTEMPATH/CodeIgniter.php(927): App\Controllers\Admin\Admin->login()
 5 SYSTEMPATH/CodeIgniter.php(482): CodeIgniter\CodeIgniter->runController(Object(App\Controllers\Admin\Admin))
 6 SYSTEMPATH/CodeIgniter.php(351): CodeIgniter\CodeIgniter->handleRequest(null, Object(Config\Cache), false)
 7 FCPATH/index.php(67): CodeIgniter\CodeIgniter->run()
