CRITICAL - 2022-12-02 16:43:09 --> Call to undefined method App\Models\ClientModel::pager
in SYSTEMPATH/Model.php on line 774.
 1 APPPATH/Controllers/Admin/Client.php(21): CodeIgniter\Model->__call('pager', [])
 2 SYSTEMPATH/CodeIgniter.php(927): App\Controllers\Admin\Client->list()
 3 SYSTEMPATH/CodeIgniter.php(482): CodeIgniter\CodeIgniter->runController(Object(App\Controllers\Admin\Client))
 4 SYSTEMPATH/CodeIgniter.php(351): CodeIgniter\CodeIgniter->handleRequest(null, Object(Config\Cache), false)
 5 FCPATH/index.php(67): CodeIgniter\CodeIgniter->run()
CRITICAL - 2022-12-02 16:43:42 --> Undefined variable $arrayClients
in APPPATH/Views/admin/client/list.php on line 23.
 1 APPPATH/Views/admin/client/list.php(23): CodeIgniter\Debug\Exceptions->errorHandler(2, 'Undefined variable $arrayClients', 'APPPATH/Views/admin/client/list.php', 23)
 2 SYSTEMPATH/View/View.php(213): include('APPPATH/Views/admin/client/list.php')
 3 SYSTEMPATH/View/View.php(216): CodeIgniter\View\View->CodeIgniter\View\{closure}()
 4 SYSTEMPATH/Common.php(1134): CodeIgniter\View\View->render('admin/client/list', [], true)
 5 APPPATH/Controllers/Admin/Client.php(24): view('admin/client/list', [...])
 6 SYSTEMPATH/CodeIgniter.php(927): App\Controllers\Admin\Client->list()
 7 SYSTEMPATH/CodeIgniter.php(482): CodeIgniter\CodeIgniter->runController(Object(App\Controllers\Admin\Client))
 8 SYSTEMPATH/CodeIgniter.php(351): CodeIgniter\CodeIgniter->handleRequest(null, Object(Config\Cache), false)
 9 FCPATH/index.php(67): CodeIgniter\CodeIgniter->run()
CRITICAL - 2022-12-02 16:51:42 --> Invalid file: Admin\templates\pagination.php
in SYSTEMPATH/Exceptions/FrameworkException.php on line 33.
 1 SYSTEMPATH/View/View.php(201): CodeIgniter\Exceptions\FrameworkException::forInvalidFile('Admin\\templates\\pagination.php')
 2 SYSTEMPATH/Pager/Pager.php(126): CodeIgniter\View\View->render('Admin\\templates\\pagination', null, false)
 3 SYSTEMPATH/Pager/Pager.php(83): CodeIgniter\Pager\Pager->displayLinks('default', 'pagination')
 4 APPPATH/Views/admin/client/list.php(54): CodeIgniter\Pager\Pager->links('default', 'pagination')
 5 SYSTEMPATH/View/View.php(213): include('APPPATH/Views/admin/client/list.php')
 6 SYSTEMPATH/View/View.php(216): CodeIgniter\View\View->CodeIgniter\View\{closure}()
 7 SYSTEMPATH/Common.php(1134): CodeIgniter\View\View->render('admin/client/list', [], true)
 8 APPPATH/Controllers/Admin/Client.php(24): view('admin/client/list', [...])
 9 SYSTEMPATH/CodeIgniter.php(927): App\Controllers\Admin\Client->list()
10 SYSTEMPATH/CodeIgniter.php(482): CodeIgniter\CodeIgniter->runController(Object(App\Controllers\Admin\Client))
11 SYSTEMPATH/CodeIgniter.php(351): CodeIgniter\CodeIgniter->handleRequest(null, Object(Config\Cache), false)
12 FCPATH/index.php(67): CodeIgniter\CodeIgniter->run()
CRITICAL - 2022-12-02 16:53:11 --> Invalid file: Admin\templates\pagination.php
in SYSTEMPATH/Exceptions/FrameworkException.php on line 33.
 1 SYSTEMPATH/View/View.php(201): CodeIgniter\Exceptions\FrameworkException::forInvalidFile('Admin\\templates\\pagination.php')
 2 SYSTEMPATH/Pager/Pager.php(126): CodeIgniter\View\View->render('Admin\\templates\\pagination', null, false)
 3 SYSTEMPATH/Pager/Pager.php(83): CodeIgniter\Pager\Pager->displayLinks('default', 'bootstrap_pagination')
 4 APPPATH/Views/admin/client/list.php(54): CodeIgniter\Pager\Pager->links('default', 'bootstrap_pagination')
 5 SYSTEMPATH/View/View.php(213): include('APPPATH/Views/admin/client/list.php')
 6 SYSTEMPATH/View/View.php(216): CodeIgniter\View\View->CodeIgniter\View\{closure}()
 7 SYSTEMPATH/Common.php(1134): CodeIgniter\View\View->render('admin/client/list', [], true)
 8 APPPATH/Controllers/Admin/Client.php(24): view('admin/client/list', [...])
 9 SYSTEMPATH/CodeIgniter.php(927): App\Controllers\Admin\Client->list()
10 SYSTEMPATH/CodeIgniter.php(482): CodeIgniter\CodeIgniter->runController(Object(App\Controllers\Admin\Client))
11 SYSTEMPATH/CodeIgniter.php(351): CodeIgniter\CodeIgniter->handleRequest(null, Object(Config\Cache), false)
12 FCPATH/index.php(67): CodeIgniter\CodeIgniter->run()
CRITICAL - 2022-12-02 16:57:06 --> Invalid file: Pager\bootstrap_pagination.php
in SYSTEMPATH/Exceptions/FrameworkException.php on line 33.
 1 SYSTEMPATH/View/View.php(201): CodeIgniter\Exceptions\FrameworkException::forInvalidFile('Pager\\bootstrap_pagination.php')
 2 SYSTEMPATH/Pager/Pager.php(126): CodeIgniter\View\View->render('Pager\\bootstrap_pagination', null, false)
 3 SYSTEMPATH/Pager/Pager.php(83): CodeIgniter\Pager\Pager->displayLinks('default', 'bootstrap_pagination')
 4 APPPATH/Views/admin/client/list.php(54): CodeIgniter\Pager\Pager->links('default', 'bootstrap_pagination')
 5 SYSTEMPATH/View/View.php(213): include('APPPATH/Views/admin/client/list.php')
 6 SYSTEMPATH/View/View.php(216): CodeIgniter\View\View->CodeIgniter\View\{closure}()
 7 SYSTEMPATH/Common.php(1134): CodeIgniter\View\View->render('admin/client/list', [], true)
 8 APPPATH/Controllers/Admin/Client.php(24): view('admin/client/list', [...])
 9 SYSTEMPATH/CodeIgniter.php(927): App\Controllers\Admin\Client->list()
10 SYSTEMPATH/CodeIgniter.php(482): CodeIgniter\CodeIgniter->runController(Object(App\Controllers\Admin\Client))
11 SYSTEMPATH/CodeIgniter.php(351): CodeIgniter\CodeIgniter->handleRequest(null, Object(Config\Cache), false)
12 FCPATH/index.php(67): CodeIgniter\CodeIgniter->run()
CRITICAL - 2022-12-02 18:20:26 --> Undefined variable $isset
in APPPATH/Views/admin/client/register.php on line 2.
 1 APPPATH/Views/admin/client/register.php(2): CodeIgniter\Debug\Exceptions->errorHandler(2, 'Undefined variable $isset', 'APPPATH/Views/admin/client/register.php', 2)
 2 SYSTEMPATH/View/View.php(213): include('APPPATH/Views/admin/client/register.php')
 3 SYSTEMPATH/View/View.php(216): CodeIgniter\View\View->CodeIgniter\View\{closure}()
 4 SYSTEMPATH/Common.php(1134): CodeIgniter\View\View->render('admin/client/register', [], true)
 5 APPPATH/Controllers/Admin/Client.php(34): view('admin/client/register')
 6 SYSTEMPATH/CodeIgniter.php(927): App\Controllers\Admin\Client->register()
 7 SYSTEMPATH/CodeIgniter.php(482): CodeIgniter\CodeIgniter->runController(Object(App\Controllers\Admin\Client))
 8 SYSTEMPATH/CodeIgniter.php(351): CodeIgniter\CodeIgniter->handleRequest(null, Object(Config\Cache), false)
 9 FCPATH/index.php(67): CodeIgniter\CodeIgniter->run()
CRITICAL - 2022-12-02 18:21:17 --> Undefined property: App\Controllers\Admin\Client::$load
in APPPATH/Controllers/Admin/Client.php on line 47.
 1 APPPATH/Controllers/Admin/Client.php(47): CodeIgniter\Debug\Exceptions->errorHandler(2, 'Undefined property: App\\Controllers\\Admin\\Client::$load', 'APPPATH/Controllers/Admin/Client.php', 47)
 2 SYSTEMPATH/CodeIgniter.php(927): App\Controllers\Admin\Client->registerAction()
 3 SYSTEMPATH/CodeIgniter.php(482): CodeIgniter\CodeIgniter->runController(Object(App\Controllers\Admin\Client))
 4 SYSTEMPATH/CodeIgniter.php(351): CodeIgniter\CodeIgniter->handleRequest(null, Object(Config\Cache), false)
 5 FCPATH/index.php(67): CodeIgniter\CodeIgniter->run()
CRITICAL - 2022-12-02 18:21:41 --> Undefined property: App\Controllers\Admin\Client::$load
in APPPATH/Controllers/Admin/Client.php on line 47.
 1 APPPATH/Controllers/Admin/Client.php(47): CodeIgniter\Debug\Exceptions->errorHandler(2, 'Undefined property: App\\Controllers\\Admin\\Client::$load', 'APPPATH/Controllers/Admin/Client.php', 47)
 2 SYSTEMPATH/CodeIgniter.php(927): App\Controllers\Admin\Client->registerAction()
 3 SYSTEMPATH/CodeIgniter.php(482): CodeIgniter\CodeIgniter->runController(Object(App\Controllers\Admin\Client))
 4 SYSTEMPATH/CodeIgniter.php(351): CodeIgniter\CodeIgniter->handleRequest(null, Object(Config\Cache), false)
 5 FCPATH/index.php(67): CodeIgniter\CodeIgniter->run()
CRITICAL - 2022-12-02 18:24:19 --> Undefined property: App\Controllers\Admin\Client::$load
in APPPATH/Controllers/Admin/Client.php on line 47.
 1 APPPATH/Controllers/Admin/Client.php(47): CodeIgniter\Debug\Exceptions->errorHandler(2, 'Undefined property: App\\Controllers\\Admin\\Client::$load', 'APPPATH/Controllers/Admin/Client.php', 47)
 2 SYSTEMPATH/CodeIgniter.php(927): App\Controllers\Admin\Client->registerAction()
 3 SYSTEMPATH/CodeIgniter.php(482): CodeIgniter\CodeIgniter->runController(Object(App\Controllers\Admin\Client))
 4 SYSTEMPATH/CodeIgniter.php(351): CodeIgniter\CodeIgniter->handleRequest(null, Object(Config\Cache), false)
 5 FCPATH/index.php(67): CodeIgniter\CodeIgniter->run()
CRITICAL - 2022-12-02 18:31:34 --> Call to undefined function validation_errors()
in APPPATH/Views/admin/client/register.php on line 3.
 1 SYSTEMPATH/View/View.php(213): include()
 2 SYSTEMPATH/View/View.php(216): CodeIgniter\View\View->CodeIgniter\View\{closure}()
 3 SYSTEMPATH/Common.php(1134): CodeIgniter\View\View->render('admin/client/register', [], true)
 4 APPPATH/Controllers/Admin/Client.php(34): view('admin/client/register')
 5 SYSTEMPATH/CodeIgniter.php(927): App\Controllers\Admin\Client->register()
 6 SYSTEMPATH/CodeIgniter.php(482): CodeIgniter\CodeIgniter->runController(Object(App\Controllers\Admin\Client))
 7 SYSTEMPATH/CodeIgniter.php(351): CodeIgniter\CodeIgniter->handleRequest(null, Object(Config\Cache), false)
 8 FCPATH/index.php(67): CodeIgniter\CodeIgniter->run()
CRITICAL - 2022-12-02 18:33:39 --> Call to undefined function form_open()
in APPPATH/Views/admin/client/register.php on line 3.
 1 SYSTEMPATH/View/View.php(213): include()
 2 SYSTEMPATH/View/View.php(216): CodeIgniter\View\View->CodeIgniter\View\{closure}()
 3 SYSTEMPATH/Common.php(1134): CodeIgniter\View\View->render('admin/client/register', [], true)
 4 APPPATH/Controllers/Admin/Client.php(34): view('admin/client/register')
 5 SYSTEMPATH/CodeIgniter.php(927): App\Controllers\Admin\Client->register()
 6 SYSTEMPATH/CodeIgniter.php(482): CodeIgniter\CodeIgniter->runController(Object(App\Controllers\Admin\Client))
 7 SYSTEMPATH/CodeIgniter.php(351): CodeIgniter\CodeIgniter->handleRequest(null, Object(Config\Cache), false)
 8 FCPATH/index.php(67): CodeIgniter\CodeIgniter->run()
