CRITICAL - 2022-11-29 17:17:13 --> Undefined variable $arrayClients
in APPPATH/Views/admin/client/list.php on line 15.
 1 APPPATH/Views/admin/client/list.php(15): CodeIgniter\Debug\Exceptions->errorHandler(2, 'Undefined variable $arrayClients', 'APPPATH/Views/admin/client/list.php', 15)
 2 SYSTEMPATH/View/View.php(213): include('APPPATH/Views/admin/client/list.php')
 3 SYSTEMPATH/View/View.php(216): CodeIgniter\View\View->CodeIgniter\View\{closure}()
 4 SYSTEMPATH/Common.php(1134): CodeIgniter\View\View->render('admin/client/list', [], true)
 5 APPPATH/Controllers/Admin/Client.php(25): view('admin/client/list', [...])
 6 SYSTEMPATH/CodeIgniter.php(927): App\Controllers\Admin\Client->list()
 7 SYSTEMPATH/CodeIgniter.php(482): CodeIgniter\CodeIgniter->runController(Object(App\Controllers\Admin\Client))
 8 SYSTEMPATH/CodeIgniter.php(351): CodeIgniter\CodeIgniter->handleRequest(null, Object(Config\Cache), false)
 9 FCPATH/index.php(67): CodeIgniter\CodeIgniter->run()
CRITICAL - 2022-11-29 17:18:27 --> Invalid file: client/listClients.php
in SYSTEMPATH/Exceptions/FrameworkException.php on line 33.
 1 SYSTEMPATH/View/View.php(201): CodeIgniter\Exceptions\FrameworkException::forInvalidFile('client/listClients.php')
 2 SYSTEMPATH/Common.php(1134): CodeIgniter\View\View->render('client/listClients', [], true)
 3 APPPATH/Controllers/Client.php(21): view('client/listClients', [...])
 4 SYSTEMPATH/CodeIgniter.php(927): App\Controllers\Client->list()
 5 SYSTEMPATH/CodeIgniter.php(482): CodeIgniter\CodeIgniter->runController(Object(App\Controllers\Client))
 6 SYSTEMPATH/CodeIgniter.php(351): CodeIgniter\CodeIgniter->handleRequest(null, Object(Config\Cache), false)
 7 FCPATH/index.php(67): CodeIgniter\CodeIgniter->run()
CRITICAL - 2022-11-29 17:22:37 --> Invalid file: client/listClients.php
in SYSTEMPATH/Exceptions/FrameworkException.php on line 33.
 1 SYSTEMPATH/View/View.php(201): CodeIgniter\Exceptions\FrameworkException::forInvalidFile('client/listClients.php')
 2 SYSTEMPATH/Common.php(1134): CodeIgniter\View\View->render('client/listClients', [], true)
 3 APPPATH/Controllers/Client.php(21): view('client/listClients', [...])
 4 SYSTEMPATH/CodeIgniter.php(927): App\Controllers\Client->list()
 5 SYSTEMPATH/CodeIgniter.php(482): CodeIgniter\CodeIgniter->runController(Object(App\Controllers\Client))
 6 SYSTEMPATH/CodeIgniter.php(351): CodeIgniter\CodeIgniter->handleRequest(null, Object(Config\Cache), false)
 7 FCPATH/index.php(67): CodeIgniter\CodeIgniter->run()
CRITICAL - 2022-11-29 17:24:14 --> Invalid file: client/listClients.php
in SYSTEMPATH/Exceptions/FrameworkException.php on line 33.
 1 SYSTEMPATH/View/View.php(201): CodeIgniter\Exceptions\FrameworkException::forInvalidFile('client/listClients.php')
 2 SYSTEMPATH/Common.php(1134): CodeIgniter\View\View->render('client/listClients', [], true)
 3 APPPATH/Controllers/Client.php(21): view('client/listClients', [...])
 4 SYSTEMPATH/CodeIgniter.php(927): App\Controllers\Client->list()
 5 SYSTEMPATH/CodeIgniter.php(482): CodeIgniter\CodeIgniter->runController(Object(App\Controllers\Client))
 6 SYSTEMPATH/CodeIgniter.php(351): CodeIgniter\CodeIgniter->handleRequest(null, Object(Config\Cache), false)
 7 FCPATH/index.php(67): CodeIgniter\CodeIgniter->run()
CRITICAL - 2022-11-29 17:27:55 --> Invalid file: site/products.php
in SYSTEMPATH/Exceptions/FrameworkException.php on line 33.
 1 SYSTEMPATH/View/View.php(201): CodeIgniter\Exceptions\FrameworkException::forInvalidFile('site/products.php')
 2 SYSTEMPATH/Common.php(1134): CodeIgniter\View\View->render('site/products', [], true)
 3 APPPATH/Controllers/Site.php(15): view('site/products')
 4 SYSTEMPATH/CodeIgniter.php(927): App\Controllers\Site->view('products')
 5 SYSTEMPATH/CodeIgniter.php(482): CodeIgniter\CodeIgniter->runController(Object(App\Controllers\Site))
 6 SYSTEMPATH/CodeIgniter.php(351): CodeIgniter\CodeIgniter->handleRequest(null, Object(Config\Cache), false)
 7 FCPATH/index.php(67): CodeIgniter\CodeIgniter->run()
CRITICAL - 2022-11-29 17:29:34 --> Invalid file: site/products.php
in SYSTEMPATH/Exceptions/FrameworkException.php on line 33.
 1 SYSTEMPATH/View/View.php(201): CodeIgniter\Exceptions\FrameworkException::forInvalidFile('site/products.php')
 2 SYSTEMPATH/Common.php(1134): CodeIgniter\View\View->render('site/products', [], true)
 3 APPPATH/Controllers/Site.php(15): view('site/products')
 4 SYSTEMPATH/CodeIgniter.php(927): App\Controllers\Site->view('products')
 5 SYSTEMPATH/CodeIgniter.php(482): CodeIgniter\CodeIgniter->runController(Object(App\Controllers\Site))
 6 SYSTEMPATH/CodeIgniter.php(351): CodeIgniter\CodeIgniter->handleRequest(null, Object(Config\Cache), false)
 7 FCPATH/index.php(67): CodeIgniter\CodeIgniter->run()
CRITICAL - 2022-11-29 17:34:06 --> Invalid file: site/products.php
in SYSTEMPATH/Exceptions/FrameworkException.php on line 33.
 1 SYSTEMPATH/View/View.php(201): CodeIgniter\Exceptions\FrameworkException::forInvalidFile('site/products.php')
 2 SYSTEMPATH/Common.php(1134): CodeIgniter\View\View->render('site/products', [], true)
 3 APPPATH/Controllers/Site.php(15): view('site/products')
 4 SYSTEMPATH/CodeIgniter.php(927): App\Controllers\Site->view('products')
 5 SYSTEMPATH/CodeIgniter.php(482): CodeIgniter\CodeIgniter->runController(Object(App\Controllers\Site))
 6 SYSTEMPATH/CodeIgniter.php(351): CodeIgniter\CodeIgniter->handleRequest(null, Object(Config\Cache), false)
 7 FCPATH/index.php(67): CodeIgniter\CodeIgniter->run()
ERROR - 2022-11-29 17:41:13 --> mysqli_sql_exception: Column 'name' cannot be null in /var/www/html/codeigniter4/system/Database/MySQLi/Connection.php:292
Stack trace:
#0 /var/www/html/codeigniter4/system/Database/MySQLi/Connection.php(292): mysqli->query('INSERT INTO `cl...', 0)
#1 /var/www/html/codeigniter4/system/Database/BaseConnection.php(666): CodeIgniter\Database\MySQLi\Connection->execute('INSERT INTO `cl...')
#2 /var/www/html/codeigniter4/system/Database/BaseConnection.php(593): CodeIgniter\Database\BaseConnection->simpleQuery('INSERT INTO `cl...')
#3 /var/www/html/codeigniter4/system/Database/BaseBuilder.php(1916): CodeIgniter\Database\BaseConnection->query('INSERT INTO `cl...', Array, false)
#4 /var/www/html/codeigniter4/system/Model.php(279): CodeIgniter\Database\BaseBuilder->insert()
#5 /var/www/html/codeigniter4/system/BaseModel.php(749): CodeIgniter\Model->doInsert(Array)
#6 /var/www/html/codeigniter4/system/Model.php(667): CodeIgniter\BaseModel->insert(Array, true)
#7 /var/www/html/codeigniter4/app/Controllers/Admin/Client.php(43): CodeIgniter\Model->insert(Array)
#8 /var/www/html/codeigniter4/system/CodeIgniter.php(927): App\Controllers\Admin\Client->registerAction()
#9 /var/www/html/codeigniter4/system/CodeIgniter.php(482): CodeIgniter\CodeIgniter->runController(Object(App\Controllers\Admin\Client))
#10 /var/www/html/codeigniter4/system/CodeIgniter.php(351): CodeIgniter\CodeIgniter->handleRequest(NULL, Object(Config\Cache), false)
#11 /var/www/html/codeigniter4/public/index.php(67): CodeIgniter\CodeIgniter->run()
#12 {main}
CRITICAL - 2022-11-29 17:41:13 --> Column 'name' cannot be null
in SYSTEMPATH/Database/MySQLi/Connection.php on line 292.
 1 SYSTEMPATH/Database/MySQLi/Connection.php(292): mysqli->query('INSERT INTO `clients` (`name`, `email`, `phone`, `address`) VALUES (NULL, NULL, NULL, NULL)', 0)
 2 SYSTEMPATH/Database/BaseConnection.php(666): CodeIgniter\Database\MySQLi\Connection->execute('INSERT INTO `clients` (`name`, `email`, `phone`, `address`) VALUES (NULL, NULL, NULL, NULL)')
 3 SYSTEMPATH/Database/BaseConnection.php(593): CodeIgniter\Database\BaseConnection->simpleQuery('INSERT INTO `clients` (`name`, `email`, `phone`, `address`) VALUES (NULL, NULL, NULL, NULL)')
 4 SYSTEMPATH/Database/BaseBuilder.php(1916): CodeIgniter\Database\BaseConnection->query('INSERT INTO `clients` (`name`, `email`, `phone`, `address`) VALUES (:name:, :email:, :phone:, :address:)', [...], false)
 5 SYSTEMPATH/Model.php(279): CodeIgniter\Database\BaseBuilder->insert()
 6 SYSTEMPATH/BaseModel.php(749): CodeIgniter\Model->doInsert([...])
 7 SYSTEMPATH/Model.php(667): CodeIgniter\BaseModel->insert([...], true)
 8 APPPATH/Controllers/Admin/Client.php(43): CodeIgniter\Model->insert([...])
 9 SYSTEMPATH/CodeIgniter.php(927): App\Controllers\Admin\Client->registerAction()
10 SYSTEMPATH/CodeIgniter.php(482): CodeIgniter\CodeIgniter->runController(Object(App\Controllers\Admin\Client))
11 SYSTEMPATH/CodeIgniter.php(351): CodeIgniter\CodeIgniter->handleRequest(null, Object(Config\Cache), false)
12 FCPATH/index.php(67): CodeIgniter\CodeIgniter->run()
CRITICAL - 2022-11-29 17:42:02 --> Undefined variable $arrayClient
in APPPATH/Views/admin/client/update.php on line 3.
 1 APPPATH/Views/admin/client/update.php(3): CodeIgniter\Debug\Exceptions->errorHandler(2, 'Undefined variable $arrayClient', 'APPPATH/Views/admin/client/update.php', 3)
 2 SYSTEMPATH/View/View.php(213): include('APPPATH/Views/admin/client/update.php')
 3 SYSTEMPATH/View/View.php(216): CodeIgniter\View\View->CodeIgniter\View\{closure}()
 4 SYSTEMPATH/Common.php(1134): CodeIgniter\View\View->render('admin/client/update', [], true)
 5 APPPATH/Controllers/Admin/Client.php(53): view('admin/client/update', [...])
 6 SYSTEMPATH/CodeIgniter.php(927): App\Controllers\Admin\Client->update('4')
 7 SYSTEMPATH/CodeIgniter.php(482): CodeIgniter\CodeIgniter->runController(Object(App\Controllers\Admin\Client))
 8 SYSTEMPATH/CodeIgniter.php(351): CodeIgniter\CodeIgniter->handleRequest(null, Object(Config\Cache), false)
 9 FCPATH/index.php(67): CodeIgniter\CodeIgniter->run()
CRITICAL - 2022-11-29 18:20:37 --> CodeIgniter\Database\BaseBuilder::like(): Argument #2 ($match) must be of type string, array given, called in /var/www/html/codeigniter4/system/Model.php on line 772
in SYSTEMPATH/Database/BaseBuilder.php on line 954.
 1 SYSTEMPATH/Model.php(772): CodeIgniter\Database\BaseBuilder->like('idClient', [...])
 2 APPPATH/Models/ClientModel.php(25): CodeIgniter\Model->__call('like', [...])
 3 APPPATH/Controllers/Admin/Client.php(79): App\Models\ClientModel->getClientsFor([...])
 4 SYSTEMPATH/CodeIgniter.php(927): App\Controllers\Admin\Client->search()
 5 SYSTEMPATH/CodeIgniter.php(482): CodeIgniter\CodeIgniter->runController(Object(App\Controllers\Admin\Client))
 6 SYSTEMPATH/CodeIgniter.php(351): CodeIgniter\CodeIgniter->handleRequest(null, Object(Config\Cache), false)
 7 FCPATH/index.php(67): CodeIgniter\CodeIgniter->run()
CRITICAL - 2022-11-29 18:23:41 --> CodeIgniter\Database\BaseBuilder::like(): Argument #2 ($match) must be of type string, array given, called in /var/www/html/codeigniter4/system/Model.php on line 772
in SYSTEMPATH/Database/BaseBuilder.php on line 954.
 1 SYSTEMPATH/Model.php(772): CodeIgniter\Database\BaseBuilder->like('idClient', [...])
 2 APPPATH/Models/ClientModel.php(25): CodeIgniter\Model->__call('like', [...])
 3 APPPATH/Controllers/Admin/Client.php(79): App\Models\ClientModel->getClientsFor([...])
 4 SYSTEMPATH/CodeIgniter.php(927): App\Controllers\Admin\Client->search()
 5 SYSTEMPATH/CodeIgniter.php(482): CodeIgniter\CodeIgniter->runController(Object(App\Controllers\Admin\Client))
 6 SYSTEMPATH/CodeIgniter.php(351): CodeIgniter\CodeIgniter->handleRequest(null, Object(Config\Cache), false)
 7 FCPATH/index.php(67): CodeIgniter\CodeIgniter->run()
CRITICAL - 2022-11-29 18:23:41 --> CodeIgniter\Database\BaseBuilder::like(): Argument #2 ($match) must be of type string, array given, called in /var/www/html/codeigniter4/system/Model.php on line 772
in SYSTEMPATH/Database/BaseBuilder.php on line 954.
 1 SYSTEMPATH/Model.php(772): CodeIgniter\Database\BaseBuilder->like('idClient', [...])
 2 APPPATH/Models/ClientModel.php(25): CodeIgniter\Model->__call('like', [...])
 3 APPPATH/Controllers/Admin/Client.php(79): App\Models\ClientModel->getClientsFor([...])
 4 SYSTEMPATH/CodeIgniter.php(927): App\Controllers\Admin\Client->search()
 5 SYSTEMPATH/CodeIgniter.php(482): CodeIgniter\CodeIgniter->runController(Object(App\Controllers\Admin\Client))
 6 SYSTEMPATH/CodeIgniter.php(351): CodeIgniter\CodeIgniter->handleRequest(null, Object(Config\Cache), false)
 7 FCPATH/index.php(67): CodeIgniter\CodeIgniter->run()
CRITICAL - 2022-11-29 18:23:41 --> CodeIgniter\Database\BaseBuilder::like(): Argument #2 ($match) must be of type string, array given, called in /var/www/html/codeigniter4/system/Model.php on line 772
in SYSTEMPATH/Database/BaseBuilder.php on line 954.
 1 SYSTEMPATH/Model.php(772): CodeIgniter\Database\BaseBuilder->like('idClient', [...])
 2 APPPATH/Models/ClientModel.php(25): CodeIgniter\Model->__call('like', [...])
 3 APPPATH/Controllers/Admin/Client.php(79): App\Models\ClientModel->getClientsFor([...])
 4 SYSTEMPATH/CodeIgniter.php(927): App\Controllers\Admin\Client->search()
 5 SYSTEMPATH/CodeIgniter.php(482): CodeIgniter\CodeIgniter->runController(Object(App\Controllers\Admin\Client))
 6 SYSTEMPATH/CodeIgniter.php(351): CodeIgniter\CodeIgniter->handleRequest(null, Object(Config\Cache), false)
 7 FCPATH/index.php(67): CodeIgniter\CodeIgniter->run()
CRITICAL - 2022-11-29 18:31:46 --> CodeIgniter\Database\BaseBuilder::like(): Argument #2 ($match) must be of type string, array given, called in /var/www/html/codeigniter4/system/Model.php on line 772
in SYSTEMPATH/Database/BaseBuilder.php on line 954.
 1 SYSTEMPATH/Model.php(772): CodeIgniter\Database\BaseBuilder->like('idClient', [...])
 2 APPPATH/Models/ClientModel.php(25): CodeIgniter\Model->__call('like', [...])
 3 APPPATH/Controllers/Admin/Client.php(79): App\Models\ClientModel->getClientsFor([...])
 4 SYSTEMPATH/CodeIgniter.php(927): App\Controllers\Admin\Client->search()
 5 SYSTEMPATH/CodeIgniter.php(482): CodeIgniter\CodeIgniter->runController(Object(App\Controllers\Admin\Client))
 6 SYSTEMPATH/CodeIgniter.php(351): CodeIgniter\CodeIgniter->handleRequest(null, Object(Config\Cache), false)
 7 FCPATH/index.php(67): CodeIgniter\CodeIgniter->run()
CRITICAL - 2022-11-29 18:36:08 --> CodeIgniter\Database\BaseBuilder::like(): Argument #2 ($match) must be of type string, array given, called in /var/www/html/codeigniter4/system/Model.php on line 772
in SYSTEMPATH/Database/BaseBuilder.php on line 954.
 1 SYSTEMPATH/Model.php(772): CodeIgniter\Database\BaseBuilder->like('id_client', [...])
 2 APPPATH/Models/ClientModel.php(25): CodeIgniter\Model->__call('like', [...])
 3 APPPATH/Controllers/Admin/Client.php(79): App\Models\ClientModel->getClientsFor([...])
 4 SYSTEMPATH/CodeIgniter.php(927): App\Controllers\Admin\Client->search()
 5 SYSTEMPATH/CodeIgniter.php(482): CodeIgniter\CodeIgniter->runController(Object(App\Controllers\Admin\Client))
 6 SYSTEMPATH/CodeIgniter.php(351): CodeIgniter\CodeIgniter->handleRequest(null, Object(Config\Cache), false)
 7 FCPATH/index.php(67): CodeIgniter\CodeIgniter->run()
